\BOOKMARK [0][-]{chapter*.1}{\376\377\000P\000r\000o\000h\000l\000\341\001\141\000e\000n\000\355}{}% 1
\BOOKMARK [0][-]{chapter*.2}{\376\377\000P\000o\000d\001\033\000k\000o\000v\000\341\000n\000\355}{}% 2
\BOOKMARK [0][-]{chapter*.2}{\376\377\000A\000b\000s\000t\000r\000a\000k\000t}{}% 3
\BOOKMARK [0][-]{chapter*.3}{\376\377\000S\000e\000z\000n\000a\000m\000\040\000o\000b\000r\000\341\000z\000k\001\157}{}% 4
\BOOKMARK [0][-]{chapter*.4}{\376\377\000S\000e\000z\000n\000a\000m\000\040\000t\000a\000b\000u\000l\000e\000k}{}% 5
\BOOKMARK [0][-]{chapter*.5}{\376\377\000L\000i\000s\000t\000i\000n\000g\000s}{}% 6
\BOOKMARK [-1][-]{part.1}{\376\377\000I\000\040\000A\000n\000a\000l\000y\000t\000i\000c\000k\000\341\000\040\001\015\000\341\000s\000t}{}% 7
\BOOKMARK [0][-]{chapter.1}{\376\377\000\332\000v\000o\000d}{part.1}% 8
\BOOKMARK [1][-]{section.1.1}{\376\377\000K\000o\000n\000t\000e\000x\000t\000\040\000a\000\040\000m\000o\000t\000i\000v\000a\000c\000e}{chapter.1}% 9
\BOOKMARK [1][-]{section.1.2}{\376\377\000C\000\355\000l\000e\000\040\000p\000r\000o\000j\000e\000k\000t\000u}{chapter.1}% 10
\BOOKMARK [1][-]{section.1.3}{\376\377\000R\000o\000z\000s\000a\000h\000\040\000a\000\040\000o\000m\000e\000z\000e\000n\000\355}{chapter.1}% 11
\BOOKMARK [1][-]{section.1.4}{\376\377\000S\000t\000a\000k\000e\000h\000o\000l\000d\000e\001\131\000i\000\040\000a\000\040\000u\001\176\000i\000v\000a\000t\000e\000l\000s\000k\000\351\000\040\000r\000o\000l\000e}{chapter.1}% 12
\BOOKMARK [1][-]{section.1.5}{\376\377\000P\000o\000j\000m\000y\000\040\000a\000\040\000z\000k\000r\000a\000t\000k\000y}{chapter.1}% 13
\BOOKMARK [0][-]{chapter.2}{\376\377\000S\000y\000s\000t\000\351\000m\000o\000v\000\375\000\040\000p\001\131\000e\000h\000l\000e\000d}{part.1}% 14
\BOOKMARK [1][-]{section.2.1}{\376\377\000K\000o\000m\000p\000o\000n\000e\000n\000t\000y\000\040\000s\000y\000s\000t\000\351\000m\000u}{chapter.2}% 15
\BOOKMARK [1][-]{section.2.2}{\376\377\000U\000s\000e\000-\000c\000a\000s\000e\000s\000\040\000a\000\040\000s\000c\000\351\000n\000\341\001\131\000e}{chapter.2}% 16
\BOOKMARK [1][-]{section.2.3}{\376\377\000N\000e\000f\000u\000n\000k\001\015\000n\000\355\000\040\000p\000o\001\176\000a\000d\000a\000v\000k\000y}{chapter.2}% 17
\BOOKMARK [0][-]{chapter.3}{\376\377\000A\000r\000c\000h\000i\000t\000e\000k\000t\000u\000r\000a\000\040\000s\000y\000s\000t\000\351\000m\000u}{part.1}% 18
\BOOKMARK [1][-]{section.3.1}{\376\377\000C\000e\000l\000k\000o\000v\000\341\000\040\000a\000r\000c\000h\000i\000t\000e\000k\000t\000u\000r\000a}{chapter.3}% 19
\BOOKMARK [1][-]{section.3.2}{\376\377\000K\000o\000m\000u\000n\000i\000k\000a\001\015\000n\000\355\000\040\000r\000o\000z\000h\000r\000a\000n\000\355}{chapter.3}% 20
\BOOKMARK [1][-]{section.3.3}{\376\377\000D\000i\000a\000g\000r\000a\000m\000y}{chapter.3}% 21
\BOOKMARK [-1][-]{part.2}{\376\377\000I\000I\000\040\000N\000\341\000v\000r\000h\000\040\000a\000\040\000i\000m\000p\000l\000e\000m\000e\000n\000t\000a\000c\000e}{}% 22
\BOOKMARK [0][-]{chapter.4}{\376\377\000B\000a\000c\000k\000e\000n\000d\000\040\000s\000e\000r\000v\000e\000r\000\040\000\050\000N\000o\000d\000e\000.\000j\000s\000\051}{part.2}% 23
\BOOKMARK [1][-]{section.4.1}{\376\377\000P\001\131\000e\000h\000l\000e\000d\000\040\000a\000\040\000t\000e\000c\000h\000n\000o\000l\000o\000g\000i\000e}{chapter.4}% 24
\BOOKMARK [1][-]{section.4.2}{\376\377\000S\000t\000r\000u\000k\000t\000u\000r\000a\000\040\000a\000p\000l\000i\000k\000a\000c\000e}{chapter.4}% 25
\BOOKMARK [1][-]{section.4.3}{\376\377\000K\000o\000n\000f\000i\000g\000u\000r\000a\000c\000e\000\040\000a\000\040\000n\000a\000s\000a\000z\000e\000n\000\355}{chapter.4}% 26
\BOOKMARK [0][-]{chapter.5}{\376\377\000D\000a\000t\000a\000b\000\341\000z\000e}{part.2}% 27
\BOOKMARK [1][-]{section.5.1}{\376\377\000M\000o\000d\000e\000l\000\040\000a\000\040\000E\000R\000\040\000d\000i\000a\000g\000r\000a\000m}{chapter.5}% 28
\BOOKMARK [1][-]{section.5.2}{\376\377\000I\000n\000t\000e\000g\000r\000i\000t\000n\000\355\000\040\000p\000r\000a\000v\000i\000d\000l\000a\000\040\000a\000\040\000v\000\375\000k\000o\000n\000n\000o\000s\000t}{chapter.5}% 29
\BOOKMARK [0][-]{chapter.6}{\376\377\000A\000P\000I\000\040\000a\000\040\000a\000u\000t\000e\000n\000t\000i\000z\000a\000c\000e}{part.2}% 30
\BOOKMARK [1][-]{section.6.1}{\376\377\000P\001\131\000e\000h\000l\000e\000d\000\040\000R\000E\000S\000T\000\040\000A\000P\000I}{chapter.6}% 31
\BOOKMARK [1][-]{section.6.2}{\376\377\000A\000u\000t\000e\000n\000t\000i\000z\000a\000c\000e\000\040\000a\000\040\000a\000u\000t\000o\000r\000i\000z\000a\000c\000e}{chapter.6}% 32
\BOOKMARK [0][-]{chapter.7}{\376\377\000Z\000a\001\131\000\355\000z\000e\000n\000\355\000\040\000a\000\040\000h\000a\000r\000d\000w\000a\000r\000e}{part.2}% 33
\BOOKMARK [1][-]{section.7.1}{\376\377\000P\000o\000p\000i\000s\000\040\000k\000o\000m\000p\000o\000n\000e\000n\000t}{chapter.7}% 34
\BOOKMARK [1][-]{section.7.2}{\376\377\000S\000c\000h\000\351\000m\000a\000\040\000z\000a\000p\000o\000j\000e\000n\000\355\000\040\000a\000\040\000k\000o\000n\000s\000t\000r\000u\000k\000c\000e}{chapter.7}% 35
\BOOKMARK [1][-]{section.7.3}{\376\377\000S\000p\000o\000t\001\131\000e\000b\000a\000\040\000a\000\040\000p\000r\000o\000v\000o\000z\000n\000\355\000\040\000p\000r\000o\000f\000i\000l\000y}{chapter.7}% 36
\BOOKMARK [0][-]{chapter.8}{\376\377\000F\000i\000r\000m\000w\000a\000r\000e}{part.2}% 37
\BOOKMARK [1][-]{section.8.1}{\376\377\000A\000r\000c\000h\000i\000t\000e\000k\000t\000u\000r\000a\000\040\000f\000i\000r\000m\000w\000a\000r\000e}{chapter.8}% 38
\BOOKMARK [1][-]{section.8.2}{\376\377\000K\000o\000n\000f\000i\000g\000u\000r\000a\000c\000e\000\040\000a\000\040\000O\000T\000A}{chapter.8}% 39
\BOOKMARK [1][-]{section.8.3}{\376\377\000D\000a\000t\000o\000v\000\351\000\040\000f\000o\000r\000m\000\341\000t\000y\000\040\000a\000\040\000p\000r\000o\000t\000o\000k\000o\000l\000y}{chapter.8}% 40
\BOOKMARK [0][-]{chapter.9}{\376\377\000M\000o\000b\000i\000l\000n\000\355\000\040\000a\000p\000l\000i\000k\000a\000c\000e\000\040\000\050\000A\000n\000d\000r\000o\000i\000d\000\051}{part.2}% 41
\BOOKMARK [1][-]{section.9.1}{\376\377\000A\000r\000c\000h\000i\000t\000e\000k\000t\000u\000r\000a\000\040\000a\000\040\000p\000o\000u\001\176\000i\000t\000\351\000\040\000k\000n\000i\000h\000o\000v\000n\000y}{chapter.9}% 42
\BOOKMARK [1][-]{section.9.2}{\376\377\000U\001\176\000i\000v\000a\000t\000e\000l\000s\000k\000\351\000\040\000r\000o\000z\000h\000r\000a\000n\000\355}{chapter.9}% 43
\BOOKMARK [1][-]{section.9.3}{\376\377\000S\000l\000u\001\176\000b\000y\000\040\000a\000\040\000i\000n\000t\000e\000g\000r\000a\000c\000e}{chapter.9}% 44
\BOOKMARK [1][-]{section.9.4}{\376\377\000K\000o\000n\000f\000i\000g\000u\000r\000a\000c\000e\000\040\000a\000\040\000n\000a\000s\000a\000z\000e\000n\000\355}{chapter.9}% 45
\BOOKMARK [0][-]{chapter.10}{\376\377\000Z\000p\000r\000a\000c\000o\000v\000\341\000n\000\355\000\040\000G\000P\000S\000\040\000d\000a\000t}{part.2}% 46
\BOOKMARK [1][-]{section.10.1}{\376\377\000P\000i\000p\000e\000l\000i\000n\000e\000\040\000z\000p\000r\000a\000c\000o\000v\000\341\000n\000\355}{chapter.10}% 47
\BOOKMARK [1][-]{section.10.2}{\376\377\000D\000a\000t\000o\000v\000\351\000\040\000m\000o\000d\000e\000l\000y}{chapter.10}% 48
\BOOKMARK [1][-]{section.10.3}{\376\377\000V\000\375\000k\000o\000n\000\040\000a\000\040\000o\000p\000t\000i\000m\000a\000l\000i\000z\000a\000c\000e}{chapter.10}% 49
\BOOKMARK [0][-]{chapter.11}{\376\377\000F\000r\000o\000n\000t\000e\000n\000d\000\040\000a\000\040\000a\000d\000m\000i\000n\000i\000s\000t\000r\000a\000c\000e}{part.2}% 50
\BOOKMARK [1][-]{section.11.1}{\376\377\000W\000e\000b\000o\000v\000\351\000\040\000r\000o\000z\000h\000r\000a\000n\000\355}{chapter.11}% 51
\BOOKMARK [1][-]{section.11.2}{\376\377\000A\000d\000m\000i\000n\000i\000s\000t\000r\000a\000c\000e\000\040\000a\000\040\000s\000p\000r\000\341\000v\000a\000\040\000u\001\176\000i\000v\000a\000t\000e\000l\001\157}{chapter.11}% 52
\BOOKMARK [-1][-]{part.3}{\376\377\000I\000I\000I\000\040\000K\000v\000a\000l\000i\000t\000a\000,\000\040\000p\000r\000o\000v\000o\000z\000\040\000a\000\040\000b\000e\000z\000p\000e\001\015\000n\000o\000s\000t}{}% 53
\BOOKMARK [0][-]{chapter.12}{\376\377\000T\000e\000s\000t\000o\000v\000\341\000n\000\355\000\040\000a\000\040\000k\000v\000a\000l\000i\000t\000a}{part.3}% 54
\BOOKMARK [1][-]{section.12.1}{\376\377\000U\000n\000i\000t\000\040\000a\000\040\000i\000n\000t\000e\000g\000r\000a\001\015\000n\000\355\000\040\000t\000e\000s\000t\000y}{chapter.12}% 55
\BOOKMARK [1][-]{section.12.2}{\376\377\000E\0002\000E\000\040\000t\000e\000s\000t\000y\000\040\000a\000\040\000a\000k\000c\000e\000p\000t\000a\001\015\000n\000\355\000\040\000k\000r\000i\000t\000\351\000r\000i\000a}{chapter.12}% 56
\BOOKMARK [1][-]{section.12.3}{\376\377\000M\001\033\001\131\000e\000n\000\355\000\040\000v\000\375\000k\000o\000n\000u\000\040\000a\000\040\000s\000p\000o\000l\000e\000h\000l\000i\000v\000o\000s\000t\000i}{chapter.12}% 57
\BOOKMARK [0][-]{chapter.13}{\376\377\000N\000a\000s\000a\000z\000e\000n\000\355\000\040\000a\000\040\000p\000r\000o\000v\000o\000z}{part.3}% 58
\BOOKMARK [1][-]{section.13.1}{\376\377\000P\000r\000o\000v\000o\000z\000n\000\355\000\040\000p\000r\000o\000s\000t\001\131\000e\000d\000\355}{chapter.13}% 59
\BOOKMARK [1][-]{section.13.2}{\376\377\000B\000u\000i\000l\000d\000\040\000a\000\040\000r\000e\000l\000e\000a\000s\000e\000\040\000p\000r\000o\000c\000e\000s}{chapter.13}% 60
\BOOKMARK [1][-]{section.13.3}{\376\377\000M\000o\000n\000i\000t\000o\000r\000i\000n\000g\000\040\000a\000\040\000l\000o\000g\000o\000v\000\341\000n\000\355}{chapter.13}% 61
\BOOKMARK [0][-]{chapter.14}{\376\377\000B\000e\000z\000p\000e\001\015\000n\000o\000s\000t\000\040\000a\000\040\000s\000o\000u\000k\000r\000o\000m\000\355}{part.3}% 62
\BOOKMARK [1][-]{section.14.1}{\376\377\000B\000e\000z\000p\000e\001\015\000n\000o\000s\000t\000\040\000k\000o\000m\000u\000n\000i\000k\000a\000c\000e\000\040\000a\000\040\000d\000a\000t}{chapter.14}% 63
\BOOKMARK [1][-]{section.14.2}{\376\377\001\130\000\355\000z\000e\000n\000\355\000\040\000p\001\131\000\355\000s\000t\000u\000p\000u\000\040\000a\000\040\000a\000u\000d\000i\000t}{chapter.14}% 64
\BOOKMARK [1][-]{section.14.3}{\376\377\000O\000c\000h\000r\000a\000n\000a\000\040\000o\000s\000o\000b\000n\000\355\000c\000h\000\040\000\372\000d\000a\000j\001\157}{chapter.14}% 65
\BOOKMARK [-1][-]{part.4}{\376\377\000I\000V\000\040\000Z\000\341\000v\001\033\000r}{}% 66
\BOOKMARK [0][-]{chapter.15}{\376\377\000Z\000\341\000v\001\033\000r\000\040\000a\000\040\000d\000a\000l\001\141\000\355\000\040\000r\000o\000z\000v\000o\000j}{part.4}% 67
\BOOKMARK [1][-]{section.15.1}{\376\377\000S\000h\000r\000n\000u\000t\000\355\000\040\000v\000\375\000s\000l\000e\000d\000k\001\157}{chapter.15}% 68
\BOOKMARK [1][-]{section.15.2}{\376\377\000M\000o\001\176\000n\000o\000s\000t\000i\000\040\000d\000a\000l\001\141\000\355\000h\000o\000\040\000r\000o\000z\000v\000o\000j\000e}{chapter.15}% 69
\BOOKMARK [0][-]{appendix.A}{\376\377\000P\001\131\000\355\000k\000l\000a\000d\000y\000\040\000A\000P\000I\000\040\000v\000o\000l\000\341\000n\000\355}{part.4}% 70
\BOOKMARK [0][-]{appendix.B}{\376\377\000S\000c\000h\000\351\000m\000a\000t\000a\000\040\000z\000a\000p\000o\000j\000e\000n\000\355}{part.4}% 71
\BOOKMARK [0][-]{appendix.C}{\376\377\000T\000r\000o\000u\000b\000l\000e\000s\000h\000o\000o\000t\000i\000n\000g}{part.4}% 72
