\BOOKMARK [0][-]{chapter*.1}{\376\377\000P\000r\000o\000h\000l\000\341\001\141\000e\000n\000\355}{}% 1
\BOOKMARK [0][-]{chapter*.2}{\376\377\000P\000o\000d\001\033\000k\000o\000v\000\341\000n\000\355}{}% 2
\BOOKMARK [0][-]{chapter*.2}{\376\377\000A\000b\000s\000t\000r\000a\000k\000t}{}% 3
\BOOKMARK [-1][-]{part.1}{\376\377\000I\000\040\000A\000n\000a\000l\000y\000t\000i\000c\000k\000\341\000\040\001\015\000\341\000s\000t}{}% 4
\BOOKMARK [0][-]{chapter.1}{\376\377\000\332\000v\000o\000d\000\040\000d\000o\000\040\000p\000r\000o\000b\000l\000e\000m\000a\000t\000i\000k\000y}{part.1}% 5
\BOOKMARK [1][-]{section.1.1}{\376\377\000C\000\355\000l\000e\000\040\000p\000r\000o\000j\000e\000k\000t\000u}{chapter.1}% 6
\BOOKMARK [1][-]{section.1.2}{\376\377\000A\000n\000a\000l\000\375\000z\000a\000\040\000e\000x\000i\000s\000t\000u\000j\000\355\000c\000\355\000c\000h\000\040\001\131\000e\001\141\000e\000n\000\355}{chapter.1}% 7
\BOOKMARK [1][-]{section.1.3}{\376\377\000T\000e\000c\000h\000n\000o\000l\000o\000g\000i\000c\000k\000\375\000\040\000s\000t\000a\000c\000k}{chapter.1}% 8
\BOOKMARK [0][-]{chapter.2}{\376\377\000A\000r\000c\000h\000i\000t\000e\000k\000t\000u\000r\000a\000\040\000s\000y\000s\000t\000\351\000m\000u}{part.1}% 9
\BOOKMARK [1][-]{section.2.1}{\376\377\000C\000e\000l\000k\000o\000v\000\375\000\040\000p\001\131\000e\000h\000l\000e\000d}{chapter.2}% 10
\BOOKMARK [1][-]{section.2.2}{\376\377\000K\000o\000m\000u\000n\000i\000k\000a\001\015\000n\000\355\000\040\000d\000i\000a\000g\000r\000a\000m\000y}{chapter.2}% 11
\BOOKMARK [-1][-]{part.2}{\376\377\000I\000I\000\040\000N\000\341\000v\000r\000h\000o\000v\000\341\000\040\000a\000\040\000i\000m\000p\000l\000e\000m\000e\000n\000t\000a\001\015\000n\000\355\000\040\001\015\000\341\000s\000t}{}% 12
\BOOKMARK [0][-]{chapter.3}{\376\377\000B\000a\000c\000k\000e\000n\000d\000\040\000S\000e\000r\000v\000e\000r\000\040\000\050\000N\000o\000d\000e\000.\000j\000s\000\051}{part.2}% 13
\BOOKMARK [1][-]{section.3.1}{\376\377\000P\001\131\000e\000h\000l\000e\000d\000\040\000a\000\040\000t\000e\000c\000h\000n\000o\000l\000o\000g\000i\000e}{chapter.3}% 14
\BOOKMARK [1][-]{section.3.2}{\376\377\000D\000a\000t\000a\000b\000\341\000z\000o\000v\000\351\000\040\000s\000c\000h\000\351\000m\000a\000\040\000\050\000E\000R\000D\000\051}{chapter.3}% 15
\BOOKMARK [1][-]{section.3.3}{\376\377\000A\000P\000I\000\040\000a\000\040\000r\000o\000u\000t\000y}{chapter.3}% 16
\BOOKMARK [1][-]{section.3.4}{\376\377\000Z\000p\000r\000a\000c\000o\000v\000\341\000n\000\355\000\040\000G\000P\000S\000\040\000d\000a\000t}{chapter.3}% 17
\BOOKMARK [1][-]{section.3.5}{\376\377\000A\000u\000t\000e\000n\000t\000i\000z\000a\000c\000e\000\040\000a\000\040\000a\000u\000t\000o\000r\000i\000z\000a\000c\000e}{chapter.3}% 18
\BOOKMARK [0][-]{chapter.4}{\376\377\000H\000a\000r\000d\000w\000a\000r\000e\000\040\000\050\000G\000P\000S\000\040\000T\000r\000a\000c\000k\000e\000r\000\051}{part.2}% 19
\BOOKMARK [1][-]{section.4.1}{\376\377\000P\000o\000p\000i\000s\000\040\000k\000o\000m\000p\000o\000n\000e\000n\000t}{chapter.4}% 20
\BOOKMARK [1][-]{section.4.2}{\376\377\000S\000c\000h\000\351\000m\000a\000\040\000z\000a\000p\000o\000j\000e\000n\000\355}{chapter.4}% 21
\BOOKMARK [1][-]{section.4.3}{\376\377\000F\000i\000r\000m\000w\000a\000r\000e\000\040\000a\000\040\000p\000r\000o\000v\000o\000z\000n\000\355\000\040\000r\000e\001\176\000i\000m\000y}{chapter.4}% 22
\BOOKMARK [0][-]{chapter.5}{\376\377\000M\000o\000b\000i\000l\000n\000\355\000\040\000a\000p\000l\000i\000k\000a\000c\000e\000\040\000\050\000A\000n\000d\000r\000o\000i\000d\000\051}{part.2}% 23
\BOOKMARK [1][-]{section.5.1}{\376\377\000A\000r\000c\000h\000i\000t\000e\000k\000t\000u\000r\000a\000\040\000a\000\040\000p\000o\000u\001\176\000i\000t\000\351\000\040\000k\000n\000i\000h\000o\000v\000n\000y}{chapter.5}% 24
\BOOKMARK [1][-]{section.5.2}{\376\377\000U\001\176\000i\000v\000a\000t\000e\000l\000s\000k\000\351\000\040\000r\000o\000z\000h\000r\000a\000n\000\355\000\040\000a\000\040\000f\000u\000n\000k\000c\000e}{chapter.5}% 25
\BOOKMARK [0][-]{chapter.6}{\376\377\000T\000e\000s\000t\000o\000v\000\341\000n\000\355}{part.2}% 26
\BOOKMARK [1][-]{section.6.1}{\376\377\000U\000n\000i\000t\000\040\000t\000e\000s\000t\000y}{chapter.6}% 27
\BOOKMARK [1][-]{section.6.2}{\376\377\000I\000n\000t\000e\000g\000r\000a\001\015\000n\000\355\000\040\000t\000e\000s\000t\000y}{chapter.6}% 28
\BOOKMARK [1][-]{section.6.3}{\376\377\000U\001\176\000i\000v\000a\000t\000e\000l\000s\000k\000\351\000\040\000t\000e\000s\000t\000o\000v\000\341\000n\000\355}{chapter.6}% 29
\BOOKMARK [0][-]{chapter.7}{\376\377\000Z\000\341\000v\001\033\000r}{part.2}% 30
\BOOKMARK [1][-]{section.7.1}{\376\377\000S\000h\000r\000n\000u\000t\000\355\000\040\000v\000\375\000s\000l\000e\000d\000k\001\157}{chapter.7}% 31
\BOOKMARK [1][-]{section.7.2}{\376\377\000M\000o\001\176\000n\000o\000s\000t\000i\000\040\000d\000a\000l\001\141\000\355\000h\000o\000\040\000r\000o\000z\000v\000o\000j\000e}{chapter.7}% 32
\BOOKMARK [0][-]{appendix.A}{\376\377\000P\001\131\000\355\000k\000l\000a\000d\000y\000\040\000A\000P\000I\000\040\000v\000o\000l\000\341\000n\000\355}{part.2}% 33
\BOOKMARK [0][-]{appendix.B}{\376\377\000V\000\375\000p\000i\000s\000y\000\040\000z\000d\000r\000o\000j\000o\000v\000\375\000c\000h\000\040\000k\000\363\000d\001\157}{part.2}% 34
\BOOKMARK [0][-]{appendix.C}{\376\377\000O\000b\000s\000a\000h\000\040\000p\001\131\000i\000l\000o\001\176\000e\000n\000\351\000h\000o\000\040\000C\000D\000/\000\372\000l\000o\001\176\000i\001\141\000t\001\033}{part.2}% 35
