\BOOKMARK [0][-]{chapter*.4}{\376\377\000\332\000v\000o\000d}{}% 1
\BOOKMARK [0][-]{chapter.1}{\376\377\000F\000y\000z\000i\000c\000k\000\351\000\040\000z\000a\001\131\000\355\000z\000e\000n\000\355\000\040\000t\000r\000a\000c\000k\000e\000r}{}% 2
\BOOKMARK [1][-]{section.1.1}{\376\377\000\332\000v\000o\000d\000\040\000a\000\040\000k\000o\000n\000c\000e\000p\000c\000e}{chapter.1}% 3
\BOOKMARK [1][-]{section.1.2}{\376\377\000P\000O\000U\001\175\000I\000T\000\311\000\040\000T\000E\000C\000H\000N\000O\000L\000O\000G\000I\000E}{chapter.1}% 4
\BOOKMARK [2][-]{subsection.1.2.1}{\376\377\000M\000i\000k\000r\000o\000k\000o\000n\000t\000r\000o\000l\000\351\000r\000y\000\040\000a\000\040\000S\000o\000C\000\040\000\050\000E\000S\000P\0003\0002\000\051}{section.1.2}% 5
\BOOKMARK [2][-]{subsection.1.2.2}{\376\377\000M\000o\000b\000i\000l\000n\000\355\000\040\000k\000o\000m\000u\000n\000i\000k\000a\000c\000e\000\040\000v\000\040\000I\000o\000T\000\040\000a\000\040\000A\000T\000\040\000p\001\131\000\355\000k\000a\000z\000y}{section.1.2}% 6
\BOOKMARK [2][-]{subsection.1.2.3}{\376\377\000G\000l\000o\000b\000\341\000l\000n\000\355\000\040\000n\000a\000v\000i\000g\000a\001\015\000n\000\355\000\040\000s\000y\000s\000t\000\351\000m\000y\000\040\000\050\000G\000P\000S\000\051}{section.1.2}% 7
\BOOKMARK [2][-]{subsection.1.2.4}{\376\377\000O\000p\000e\000r\000a\001\015\000n\000\355\000\040\000s\000y\000s\000t\000\351\000m\000y\000\040\000r\000e\000\341\000l\000n\000\351\000h\000o\000\040\001\015\000a\000s\000u\000\040\000\050\000F\000r\000e\000e\000R\000T\000O\000S\000\051}{section.1.2}% 8
\BOOKMARK [2][-]{subsection.1.2.5}{\376\377\000S\000o\000u\000b\000o\000r\000o\000v\000\375\000\040\000s\000y\000s\000t\000\351\000m\000\040\000L\000i\000t\000t\000l\000e\000F\000S}{section.1.2}% 9
\BOOKMARK [1][-]{section.1.3}{\376\377\000N\000\341\000v\000r\000h\000\040\000h\000a\000r\000d\000w\000a\000r\000e\000\040\000-\000\040\000V\000\375\000b\001\033\000r\000\040\000k\000o\000m\000p\000o\000n\000e\000n\000t}{chapter.1}% 10
\BOOKMARK [2][-]{subsection.1.3.1}{\376\377\000L\000i\000l\000y\000G\000O\000\040\000T\000-\000C\000a\000l\000l\000\040\000v\0001\000.\0005}{section.1.3}% 11
\BOOKMARK [2][-]{subsection.1.3.2}{\376\377\000\040\000M\000u\000l\000t\000i\000-\000G\000N\000S\000S\000\040\000L\0007\0006\000K\000\040\000m\000o\000d\000u\000l}{section.1.3}% 12
\BOOKMARK [2][-]{subsection.1.3.3}{\376\377\000B\000a\000t\000e\000r\000i\000e\000,\000\040\000T\000P\0004\0000\0005\0006\000\040\000+\000\040\000M\000T\0003\0006\0000\0008}{section.1.3}% 13
\BOOKMARK [2][-]{subsection.1.3.4}{\376\377\001\130\000\355\000z\000e\000n\000\355\000\040\000n\000a\000p\000\341\000j\000e\000n\000\355\000\040\000a\000\040\000P\000o\000w\000e\000r\000\040\000L\000a\000t\000c\000h\000\040\000m\000o\000d\000u\000l}{section.1.3}% 14
\BOOKMARK [1][-]{section.1.4}{\376\377\000I\000m\000p\000l\000e\000m\000e\000n\000t\000a\000c\000e\000\040\000f\000i\000r\000m\000w\000a\000r\000e}{chapter.1}% 15
\BOOKMARK [2][-]{subsection.1.4.1}{\376\377\000A\000r\000c\000h\000i\000t\000e\000k\000t\000u\000r\000a\000\040\000a\000\040\000p\000o\000u\001\176\000i\000t\000\351\000\040\000k\000n\000i\000h\000o\000v\000n\000y}{section.1.4}% 16
\BOOKMARK [2][-]{subsection.1.4.2}{\376\377\000P\000r\000a\000c\000o\000v\000n\000\355\000\040\000c\000y\000k\000l\000u\000s}{section.1.4}% 17
\BOOKMARK [2][-]{subsection.1.4.3}{\376\377\000P\000a\000r\000a\000l\000e\000l\000n\000\355\000\040\000z\000p\000r\000a\000c\000o\000v\000\341\000n\000\355\000\040\000a\000\040\000o\000b\000s\000l\000u\000h\000a\000\040\000p\001\131\000e\000r\000u\001\141\000e\000n\000\355\000\040\000\050\000F\000r\000e\000e\000R\000T\000O\000S\000\051}{section.1.4}% 18
\BOOKMARK [2][-]{subsection.1.4.4}{\376\377\001\130\000\355\000z\000e\000n\000\355\000\040\000n\000a\000p\000\341\000j\000e\000n\000\355\000\040\000a\000\040\000P\000o\000w\000e\000r\000\040\000L\000a\000t\000c\000h\000\040\000m\000o\000d\000u\000l}{section.1.4}% 19
\BOOKMARK [3][-]{subsubsection.1.4.4.1}{\376\377\000R\000e\001\176\000i\000m\000\040\000h\000l\000u\000b\000o\000k\000\351\000h\000o\000\040\000s\000p\000\341\000n\000k\000u\000\040\000\050\000D\000e\000e\000p\000\040\000S\000l\000e\000e\000p\000\051}{subsection.1.4.4}% 20
\BOOKMARK [2][-]{subsection.1.4.5}{\376\377\000Z\000p\000r\000a\000c\000o\000v\000\341\000n\000\355\000\040\000G\000P\000S\000\040\000d\000a\000t\000\040\000a\000\040\000p\000a\000r\000s\000o\000v\000\341\000n\000\355\000\040\000N\000M\000E\000A}{section.1.4}% 21
\BOOKMARK [2][-]{subsection.1.4.6}{\376\377\000S\000p\000r\000\341\000v\000a\000\040\000d\000a\000t\000o\000v\000\351\000h\000o\000\040\000\372\000l\000o\001\176\000i\001\141\000t\001\033\000\040\000\050\000L\000i\000t\000t\000l\000e\000F\000S\000\051}{section.1.4}% 22
\BOOKMARK [1][-]{section.1.5}{\376\377\000K\000o\000m\000u\000n\000i\000k\000a\000c\000e\000\040\000a\000\040\000d\000a\000t\000a}{chapter.1}% 23
\BOOKMARK [2][-]{subsection.1.5.1}{\376\377\000K\000o\000m\000u\000n\000i\000k\000a\001\015\000n\000\355\000\040\000p\000r\000o\000t\000o\000k\000o\000l\000\040\000a\000\040\000z\000a\000b\000e\000z\000p\000e\001\015\000e\000n\000\355}{section.1.5}% 24
\BOOKMARK [2][-]{subsection.1.5.2}{\376\377\000S\000t\000r\000u\000k\000t\000u\000r\000a\000\040\000d\000a\000t\000\040\000a\000\040\000h\000a\000n\000d\000s\000h\000a\000k\000e}{section.1.5}% 25
\BOOKMARK [2][-]{subsection.1.5.3}{\376\377\000P\000r\000\341\000c\000e\000\040\000s\000\040\000M\000o\000d\000e\000m\000e\000m\000\040\000a\000\040\000A\000T\000\040\000p\001\131\000\355\000k\000a\000z\000y}{section.1.5}% 26
\BOOKMARK [1][-]{section.1.6}{\376\377\000K\000o\000n\000f\000i\000g\000u\000r\000a\000c\000e\000\040\000a\000\040\000s\000e\000r\000v\000i\000s\000n\000\355\000\040\000r\000e\001\176\000i\000m}{chapter.1}% 27
\BOOKMARK [2][-]{subsection.1.6.1}{\376\377\000O\000T\000A\000\040\000r\000e\001\176\000i\000m\000\040\000a\000\040\000w\000e\000b\000o\000v\000\351\000\040\000r\000o\000z\000h\000r\000a\000n\000\355}{section.1.6}% 28
\BOOKMARK [2][-]{subsection.1.6.2}{\376\377\000M\000a\000n\000u\000\341\000l\000n\000\355\000\040\000a\000\040\000V\000z\000d\000\341\000l\000e\000n\000\341\000\040\000k\000o\000n\000f\000i\000g\000u\000r\000a\000c\000e\000\040\000z\000a\001\131\000\355\000z\000e\000n\000\355}{section.1.6}% 29
\BOOKMARK [1][-]{section.1.7}{\376\377\000S\000e\000z\000n\000a\000m\000\040\000s\000o\000u\001\015\000\341\000s\000t\000e\000k\000\040\000+\000\040\000O\000b\000r\000\341\000z\000k\000y}{chapter.1}% 30
\BOOKMARK [0][-]{chapter.2}{\376\377\000S\000e\000r\000v\000e\000r\000o\000v\000\341\000\040\001\015\000\341\000s\000t}{}% 31
\BOOKMARK [1][-]{section.2.1}{\376\377\000\332\000v\000o\000d\000\040\000a\000\040\000k\000o\000n\000c\000e\000p\000c\000e\000\040\000s\000y\000s\000t\000\351\000m\000u}{chapter.2}% 32
\BOOKMARK [2][-]{subsection.2.1.1}{\376\377\000R\000o\000l\000e\000\040\000s\000e\000r\000v\000e\000r\000u\000\040\000v\000\040\000s\000y\000s\000t\000\351\000m\000u\000\040\000L\000O\000T\000R}{section.2.1}% 33
\BOOKMARK [2][-]{subsection.2.1.2}{\376\377\000M\000o\000n\000o\000l\000i\000t\000i\000c\000k\000\341\000\040\000a\000r\000c\000h\000i\000t\000e\000k\000t\000u\000r\000a\000\040\000a\000\040\000M\000V\000C\000\040\000v\000z\000o\000r}{section.2.1}% 34
\BOOKMARK [2][-]{subsection.2.1.3}{\376\377\000R\000e\000l\000a\001\015\000n\000\355\000\040\000d\000a\000t\000a\000b\000\341\000z\000e\000\040\000a\000\040\000O\000R\000M\000\040\000\050\000M\000y\000S\000Q\000L\000\040\000+\000\040\000S\000e\000q\000u\000e\000l\000i\000z\000e\000\051}{section.2.1}% 35
\BOOKMARK [2][-]{subsection.2.1.4}{\376\377\000P\000r\000i\000n\000c\000i\000p\000y\000\040\000a\000u\000t\000e\000n\000t\000i\000z\000a\000c\000e\000\040\000a\000\040\000O\000A\000u\000t\000h\000\040\0002\000.\0000}{section.2.1}% 36
\BOOKMARK [2][-]{subsection.2.1.5}{\376\377\000R\000E\000S\000T\000\040\000A\000P\000I\000\040\000a\000r\000c\000h\000i\000t\000e\000k\000t\000u\000r\000a}{section.2.1}% 37
\BOOKMARK [1][-]{section.2.2}{\376\377\000N\000\341\000v\000r\000h\000\040\000a\000\040\000i\000m\000p\000l\000e\000m\000e\000n\000t\000a\000c\000e\000\040\000b\000a\000c\000k\000e\000n\000d\000u}{chapter.2}% 38
\BOOKMARK [2][-]{subsection.2.2.1}{\376\377\000D\000a\000t\000a\000b\000\341\000z\000o\000v\000\341\000\040\000v\000r\000s\000t\000v\000a\000\040\000\050\000M\000y\000S\000Q\000L\000\040\000a\000\040\000S\000e\000q\000u\000e\000l\000i\000z\000e\000\051}{section.2.2}% 39
\BOOKMARK [3][-]{subsubsection.2.2.1.1}{\376\377\000O\000R\000M\000\040\000S\000e\000q\000u\000e\000l\000i\000z\000e\000\040\000a\000\040\000d\000e\000f\000i\000n\000i\000c\000e\000\040\000m\000o\000d\000e\000l\001\157}{subsection.2.2.1}% 40
\BOOKMARK [3][-]{subsubsection.2.2.1.2}{\376\377\000A\000P\000I\000\040\000p\000r\000o\000\040\000H\000W\000\040\000t\000r\000a\000c\000k\000e\000r\000\040\000\050\000E\000S\000P\0003\0002\000\051}{subsection.2.2.1}% 41
\BOOKMARK [3][-]{subsubsection.2.2.1.3}{\376\377\000A\000P\000I\000\040\000p\000r\000o\000\040\000A\000P\000K\000\040\000k\000l\000i\000e\000n\000t\000\040\000\050\000A\000n\000d\000r\000o\000i\000d\000\051}{subsection.2.2.1}% 42
\BOOKMARK [3][-]{subsubsection.2.2.1.4}{\376\377\000V\000a\000l\000i\000d\000a\000c\000e\000\040\000v\000s\000t\000u\000p\000n\000\355\000c\000h\000\040\000d\000a\000t\000\040\000\050\000E\000x\000p\000r\000e\000s\000s\000\040\000V\000a\000l\000i\000d\000a\000t\000o\000r\000\051}{subsection.2.2.1}% 43
\BOOKMARK [3][-]{subsubsection.2.2.1.5}{\376\377\000D\000o\000k\000u\000m\000e\000n\000t\000a\000c\000e\000\040\000A\000P\000I\000\040\000\050\000S\000w\000a\000g\000g\000e\000r\000\051}{subsection.2.2.1}% 44
\BOOKMARK [2][-]{subsection.2.2.2}{\376\377\000S\000p\000r\000\341\000v\000a\000\040\000u\001\176\000i\000v\000a\000t\000e\000l\001\157\000\040\000a\000\040\000A\000u\000t\000o\000r\000i\000z\000a\000c\000e}{section.2.2}% 45
\BOOKMARK [3][-]{subsubsection.2.2.2.1}{\376\377\000A\000u\000t\000o\000r\000i\000z\000a\000c\000e\000\040\000a\000\040\000r\000o\000l\000e\000\040\000\050\000a\000u\000t\000h\000o\000r\000i\000z\000a\000t\000i\000o\000n\000.\000j\000s\000\051}{subsection.2.2.2}% 46
\BOOKMARK [3][-]{subsubsection.2.2.2.2}{\376\377\000S\000e\000s\000s\000i\000o\000n\000\040\000a\000\040\000c\000o\000o\000k\000i\000e\000\040\000p\000o\000l\000i\000t\000i\000k\000a}{subsection.2.2.2}% 47
\BOOKMARK [3][-]{subsubsection.2.2.2.3}{\376\377\000S\000p\000r\000\341\000v\000a\000\040\000i\000d\000e\000n\000t\000i\000t\000\040\000\050\000P\000a\000s\000s\000p\000o\000r\000t\000.\000j\000s\000\051}{subsection.2.2.2}% 48
\BOOKMARK [3][-]{subsubsection.2.2.2.4}{\376\377\000H\000a\000s\000h\000o\000v\000\341\000n\000\355\000\040\000h\000e\000s\000e\000l\000\040\000\050\000B\000c\000r\000y\000p\000t\000.\000j\000s\000\051}{subsection.2.2.2}% 49
\BOOKMARK [3][-]{subsubsection.2.2.2.5}{\376\377\000R\000O\000O\000T\000\040\000\372\001\015\000e\000t}{subsection.2.2.2}% 50
\BOOKMARK [3][-]{subsubsection.2.2.2.6}{\376\377\000E\000-\000m\000a\000i\000l\000o\000v\000\341\000\040\000k\000o\000m\000u\000n\000i\000k\000a\000c\000e\000\040\000\050\000N\000o\000d\000e\000m\000a\000i\000l\000e\000r\000\051}{subsection.2.2.2}% 51
\BOOKMARK [1][-]{section.2.3}{\376\377\000P\000r\000e\000z\000e\000n\000t\000a\001\015\000n\000\355\000\040\000v\000r\000s\000t\000v\000a\000\040\000\050\000F\000r\000o\000n\000t\000e\000n\000d\000\051}{chapter.2}% 52
\BOOKMARK [2][-]{subsection.2.3.1}{\376\377\001\140\000a\000b\000l\000o\000n\000o\000v\000a\000c\000\355\000\040\000s\000y\000s\000t\000\351\000m\000\040\000E\000J\000S\000\040\000a\000\040\000s\000t\000r\000u\000k\000t\000u\000r\000a\000\040\000p\000o\000h\000l\000e\000d\001\157}{section.2.3}% 53
\BOOKMARK [2][-]{subsection.2.3.2}{\376\377\000V\000i\000z\000u\000a\000l\000i\000z\000a\000c\000e\000\040\000d\000a\000t\000\040\000a\000\040\000m\000a\000p\000o\000v\000\351\000\040\000p\000o\000d\000k\000l\000a\000d\000y}{section.2.3}% 54
\BOOKMARK [3][-]{subsubsection.2.3.2.1}{\376\377\000D\000y\000n\000a\000m\000i\000c\000k\000\341\000\040\000a\000k\000t\000u\000a\000l\000i\000z\000a\000c\000e\000\040\000p\000o\000l\000o\000h\000y\000\040\000\050\000A\000J\000A\000X\000\051}{subsection.2.3.2}% 55
\BOOKMARK [1][-]{section.2.4}{\376\377\000N\000a\000s\000a\000z\000e\000n\000\355\000\040\000a\000\040\000p\000r\000o\000v\000o\000z\000\040\000\050\000D\000e\000p\000l\000o\000y\000m\000e\000n\000t\000\051}{chapter.2}% 56
\BOOKMARK [2][-]{subsection.2.4.1}{\376\377\000D\000o\000c\000k\000e\000r\000\040\000a\000\040\000k\000o\000n\000t\000e\000j\000n\000e\000r\000i\000z\000a\000c\000e}{section.2.4}% 57
\BOOKMARK [2][-]{subsection.2.4.2}{\376\377\000O\000r\000c\000h\000e\000s\000t\000r\000a\000c\000e\000\040\000k\000o\000n\000t\000e\000j\000n\000e\000r\001\157\000\040\000\050\000D\000o\000c\000k\000e\000r\000\040\000C\000o\000m\000p\000o\000s\000e\000\051}{section.2.4}% 58
\BOOKMARK [0][-]{chapter.3}{\376\377\000A\000p\000l\000i\000k\000a\000c\000e\000\040\000p\000r\000o\000\040\000A\000n\000d\000r\000o\000i\000d}{}% 59
\BOOKMARK [1][-]{section.3.1}{\376\377\000K\000o\000n\000c\000e\000p\000t\000\040\000a\000\040\000c\000\355\000l\000e\000\040\000a\000p\000l\000i\000k\000a\000c\000e}{chapter.3}% 60
\BOOKMARK [2][-]{subsection.3.1.1}{\376\377\000N\000\341\000h\000r\000a\000d\000a\000\040\000h\000a\000r\000d\000w\000a\000r\000o\000v\000\351\000h\000o\000\040\000t\000r\000a\000c\000k\000e\000r\000u}{section.3.1}% 61
\BOOKMARK [2][-]{subsection.3.1.2}{\376\377\000P\000r\000i\000n\000c\000i\000p\000\040\000O\000f\000f\000l\000i\000n\000e\000-\000F\000i\000r\000s\000t\000\040\000a\000\040\000o\000d\000o\000l\000n\000o\000s\000t\000\040\000p\000r\000o\000t\000i\000\040\000v\000\375\000p\000a\000d\000k\001\157\000m}{section.3.1}% 62
\BOOKMARK [1][-]{section.3.2}{\376\377\000T\000E\000O\000R\000E\000T\000I\000C\000K\000\301\000\040\000V\000\335\000C\000H\000O\000D\000I\000S\000K\000A\000\040\000A\000\040\000P\000O\000U\001\175\000I\000T\000\311\000\040\000T\000E\000C\000H\000N\000O\000L\000O\000G\000I\000E}{chapter.3}% 63
\BOOKMARK [2][-]{subsection.3.2.1}{\376\377\000J\000a\000z\000y\000k\000\040\000K\000o\000t\000l\000i\000n\000\040\000a\000\040\000a\000s\000y\000n\000c\000h\000r\000o\000n\000n\000\355\000\040\000p\000r\000o\000g\000r\000a\000m\000o\000v\000\341\000n\000\355\000\040\000\050\000C\000o\000r\000o\000u\000t\000i\000n\000e\000s\000\051}{section.3.2}% 64
\BOOKMARK [2][-]{subsection.3.2.2}{\376\377\000S\000y\000s\000t\000\351\000m\000o\000v\000\351\000\040\000k\000o\000m\000p\000o\000n\000e\000n\000t\000y\000\040\000\050\000F\000o\000r\000e\000g\000r\000o\000u\000n\000d\000\040\000S\000e\000r\000v\000i\000c\000e\000,\000\040\000W\000o\000r\000k\000M\000a\000n\000a\000g\000e\000r\000\051}{section.3.2}% 65
\BOOKMARK [2][-]{subsection.3.2.3}{\376\377\000L\000o\000k\000\341\000l\000n\000\355\000\040\000p\000e\000r\000s\000i\000s\000t\000e\000n\000c\000e\000\040\000\050\000R\000o\000o\000m\000\040\000D\000a\000t\000a\000b\000a\000s\000e\000\051}{section.3.2}% 66
\BOOKMARK [2][-]{subsection.3.2.4}{\376\377\000Z\000a\000b\000e\000z\000p\000e\001\015\000e\000n\000\351\000\040\000\372\000l\000o\001\176\000i\001\141\000t\001\033\000\040\000\050\000E\000n\000c\000r\000y\000p\000t\000e\000d\000S\000h\000a\000r\000e\000d\000P\000r\000e\000f\000e\000r\000e\000n\000c\000e\000s\000\051}{section.3.2}% 67
\BOOKMARK [1][-]{section.3.3}{\376\377\000A\000r\000c\000h\000i\000t\000e\000k\000t\000u\000r\000a\000\040\000a\000p\000l\000i\000k\000a\000c\000e}{chapter.3}% 68
\BOOKMARK [2][-]{subsection.3.3.1}{\376\377\000V\000r\000s\000t\000e\000v\000n\000a\000t\000\341\000\040\000a\000r\000c\000h\000i\000t\000e\000k\000t\000u\000r\000a\000\040\000a\000\040\000r\000e\000a\000k\000t\000i\000v\000n\000\355\000\040\000m\000o\000d\000e\000l\000\040\000\050\000S\000t\000a\000t\000e\000F\000l\000o\000w\000\051}{section.3.3}% 69
\BOOKMARK [2][-]{subsection.3.3.2}{\376\377\000V\000l\000a\000s\000t\000n\000\355\000\040\000i\000m\000p\000l\000e\000m\000e\000n\000t\000a\000c\000e\000\040\000H\000T\000T\000P\000\040\000k\000l\000i\000e\000n\000t\000a}{section.3.3}% 70
\BOOKMARK [1][-]{section.3.4}{\376\377\000I\000m\000p\000l\000e\000m\000e\000n\000t\000a\000c\000e\000\040\000k\000l\000\355\001\015\000o\000v\000\375\000c\000h\000\040\000f\000u\000n\000k\000c\000\355}{chapter.3}% 71
\BOOKMARK [2][-]{subsection.3.4.1}{\376\377\000S\000b\001\033\000r\000\040\000p\000o\000l\000o\000h\000y\000\040\000n\000a\000\040\000p\000o\000z\000a\000d\000\355\000\040\000\050\000L\000o\000c\000a\000t\000i\000o\000n\000S\000e\000r\000v\000i\000c\000e\000\051}{section.3.4}% 72
\BOOKMARK [2][-]{subsection.3.4.2}{\376\377\000D\000\341\000v\000k\000o\000v\000\341\000\040\000s\000y\000n\000c\000h\000r\000o\000n\000i\000z\000a\000c\000e\000\040\000d\000a\000t\000\040\000\050\000S\000y\000n\000c\000W\000o\000r\000k\000e\000r\000\051}{section.3.4}% 73
\BOOKMARK [2][-]{subsection.3.4.3}{\376\377\001\130\000\355\000z\000e\000n\000\355\000\040\000s\000p\000o\000t\001\131\000e\000b\000y\000\040\000a\000\040\000v\000z\000d\000\341\000l\000e\000n\000\351\000\040\000v\000y\000p\000\355\000n\000\341\000n\000\355\000\040\000\050\000P\000o\000w\000e\000r\000C\000o\000n\000t\000r\000o\000l\000l\000e\000r\000\051}{section.3.4}% 74
\BOOKMARK [2][-]{subsection.3.4.4}{\376\377\000H\000a\000n\000d\000s\000h\000a\000k\000e\000\040\000p\000r\000o\000t\000o\000k\000o\000l\000\040\000a\000\040\000k\000o\000n\000f\000i\000g\000u\000r\000a\000c\000e}{section.3.4}% 75
\BOOKMARK [1][-]{section.3.5}{\376\377\000U\001\176\000i\000v\000a\000t\000e\000l\000s\000k\000\351\000\040\000r\000o\000z\000h\000r\000a\000n\000\355}{chapter.3}% 76
\BOOKMARK [2][-]{subsection.3.5.1}{\376\377\000H\000l\000a\000v\000n\000\355\000\040\000o\000v\000l\000\341\000d\000a\000c\000\355\000\040\000p\000a\000n\000e\000l\000\040\000\050\000D\000a\000s\000h\000b\000o\000a\000r\000d\000\051}{section.3.5}% 77
\BOOKMARK [2][-]{subsection.3.5.2}{\376\377\000D\000i\000a\000g\000n\000o\000s\000t\000i\000c\000k\000\341\000\040\000k\000o\000n\000z\000o\000l\000e\000\040\000p\000r\000o\000\040\000t\000e\000r\000\351\000n\000n\000\355\000\040\000t\000e\000s\000t\000o\000v\000\341\000n\000\355}{section.3.5}% 78
\BOOKMARK [0][-]{chapter*.46}{\376\377\000Z\000\341\000v\001\033\000r}{}% 79
\BOOKMARK [0][-]{chapter*.47}{\376\377\000S\000e\000z\000n\000a\000m\000\040\000p\000o\000u\001\176\000i\000t\000\375\000c\000h\000\040\000i\000n\000f\000o\000r\000m\000a\001\015\000n\000\355\000c\000h\000\040\000z\000d\000r\000o\000j\001\157}{}% 80
\BOOKMARK [0][-]{chapter*.48}{\376\377\000S\000e\000z\000n\000a\000m\000\040\000o\000b\000r\000\341\000z\000k\001\157}{}% 81
\BOOKMARK [0][-]{chapter*.48}{\376\377\000S\000e\000z\000n\000a\000m\000\040\000t\000a\000b\000u\000l\000e\000k}{}% 82
\BOOKMARK [0][-]{chapter*.48}{\376\377\000P\001\131\000\355\000l\000o\000h\000y}{}% 83
